C:\USERS\FROUKE BUYSE\DOWNLOADS\OF_V0.8.4_VS_RELEASE\OF_V0.8.4_VS_RELEASE\APPS\MYAPPS\PROJECT_BLOEM_SPEL\OBJ\DEBUG\OSCOUTBOUNDPACKETSTREAM.OBJ
C:\USERS\FROUKE BUYSE\DOWNLOADS\OF_V0.8.4_VS_RELEASE\OF_V0.8.4_VS_RELEASE\APPS\MYAPPS\PROJECT_BLOEM_SPEL\OBJ\DEBUG\OSCPRINTRECEIVEDELEMENTS.OBJ
C:\USERS\FROUKE BUYSE\DOWNLOADS\OF_V0.8.4_VS_RELEASE\OF_V0.8.4_VS_RELEASE\APPS\MYAPPS\PROJECT_BLOEM_SPEL\OBJ\DEBUG\OSCRECEIVEDELEMENTS.OBJ
C:\USERS\FROUKE BUYSE\DOWNLOADS\OF_V0.8.4_VS_RELEASE\OF_V0.8.4_VS_RELEASE\APPS\MYAPPS\PROJECT_BLOEM_SPEL\OBJ\DEBUG\OSCTYPES.OBJ
C:\USERS\FROUKE BUYSE\DOWNLOADS\OF_V0.8.4_VS_RELEASE\OF_V0.8.4_VS_RELEASE\APPS\MYAPPS\PROJECT_BLOEM_SPEL\OBJ\DEBUG\OFXOSCBUNDLE.OBJ
C:\USERS\FROUKE BUYSE\DOWNLOADS\OF_V0.8.4_VS_RELEASE\OF_V0.8.4_VS_RELEASE\APPS\MYAPPS\PROJECT_BLOEM_SPEL\OBJ\DEBUG\OFXOSCMESSAGE.OBJ
C:\USERS\FROUKE BUYSE\DOWNLOADS\OF_V0.8.4_VS_RELEASE\OF_V0.8.4_VS_RELEASE\APPS\MYAPPS\PROJECT_BLOEM_SPEL\OBJ\DEBUG\OFXSVG.OBJ
C:\USERS\FROUKE BUYSE\DOWNLOADS\OF_V0.8.4_VS_RELEASE\OF_V0.8.4_VS_RELEASE\APPS\MYAPPS\PROJECT_BLOEM_SPEL\OBJ\DEBUG\SRC_COLORS.OBJ
C:\USERS\FROUKE BUYSE\DOWNLOADS\OF_V0.8.4_VS_RELEASE\OF_V0.8.4_VS_RELEASE\APPS\MYAPPS\PROJECT_BLOEM_SPEL\OBJ\DEBUG\SVGTINY.OBJ
C:\USERS\FROUKE BUYSE\DOWNLOADS\OF_V0.8.4_VS_RELEASE\OF_V0.8.4_VS_RELEASE\APPS\MYAPPS\PROJECT_BLOEM_SPEL\OBJ\DEBUG\SVGTINY_GRADIENT.OBJ
C:\USERS\FROUKE BUYSE\DOWNLOADS\OF_V0.8.4_VS_RELEASE\OF_V0.8.4_VS_RELEASE\APPS\MYAPPS\PROJECT_BLOEM_SPEL\OBJ\DEBUG\SVGTINY_LIST.OBJ
C:\USERS\FROUKE BUYSE\DOWNLOADS\OF_V0.8.4_VS_RELEASE\OF_V0.8.4_VS_RELEASE\APPS\MYAPPS\PROJECT_BLOEM_SPEL\OBJ\DEBUG\OFXKINECTCOMMONBRIDGE.OBJ
C:\USERS\FROUKE BUYSE\DOWNLOADS\OF_V0.8.4_VS_RELEASE\OF_V0.8.4_VS_RELEASE\APPS\MYAPPS\PROJECT_BLOEM_SPEL\OBJ\DEBUG\OFXGIF.OBJ
C:\USERS\FROUKE BUYSE\DOWNLOADS\OF_V0.8.4_VS_RELEASE\OF_V0.8.4_VS_RELEASE\APPS\MYAPPS\PROJECT_BLOEM_SPEL\OBJ\DEBUG\OFXBASEGUI.OBJ
C:\USERS\FROUKE BUYSE\DOWNLOADS\OF_V0.8.4_VS_RELEASE\OF_V0.8.4_VS_RELEASE\APPS\MYAPPS\PROJECT_BLOEM_SPEL\OBJ\DEBUG\OFXBUTTON.OBJ
C:\USERS\FROUKE BUYSE\DOWNLOADS\OF_V0.8.4_VS_RELEASE\OF_V0.8.4_VS_RELEASE\APPS\MYAPPS\PROJECT_BLOEM_SPEL\OBJ\DEBUG\OFXGUIGROUP.OBJ
C:\USERS\FROUKE BUYSE\DOWNLOADS\OF_V0.8.4_VS_RELEASE\OF_V0.8.4_VS_RELEASE\APPS\MYAPPS\PROJECT_BLOEM_SPEL\OBJ\DEBUG\OFXLABEL.OBJ
C:\USERS\FROUKE BUYSE\DOWNLOADS\OF_V0.8.4_VS_RELEASE\OF_V0.8.4_VS_RELEASE\APPS\MYAPPS\PROJECT_BLOEM_SPEL\OBJ\DEBUG\OFXPANEL.OBJ
C:\USERS\FROUKE BUYSE\DOWNLOADS\OF_V0.8.4_VS_RELEASE\OF_V0.8.4_VS_RELEASE\APPS\MYAPPS\PROJECT_BLOEM_SPEL\OBJ\DEBUG\OFXSLIDER.OBJ
C:\USERS\FROUKE BUYSE\DOWNLOADS\OF_V0.8.4_VS_RELEASE\OF_V0.8.4_VS_RELEASE\APPS\MYAPPS\PROJECT_BLOEM_SPEL\OBJ\DEBUG\OFXSLIDERGROUP.OBJ
C:\USERS\FROUKE BUYSE\DOWNLOADS\OF_V0.8.4_VS_RELEASE\OF_V0.8.4_VS_RELEASE\APPS\MYAPPS\PROJECT_BLOEM_SPEL\OBJ\DEBUG\OFXTOGGLE.OBJ
C:\USERS\FROUKE BUYSE\DOWNLOADS\OF_V0.8.4_VS_RELEASE\OF_V0.8.4_VS_RELEASE\APPS\MYAPPS\PROJECT_BLOEM_SPEL\OBJ\DEBUG\IPENDPOINTNAME.OBJ
C:\USERS\FROUKE BUYSE\DOWNLOADS\OF_V0.8.4_VS_RELEASE\OF_V0.8.4_VS_RELEASE\APPS\MYAPPS\PROJECT_BLOEM_SPEL\OBJ\DEBUG\VC110.PDB
C:\Users\Frouke Buyse\Downloads\of_v0.8.4_vs_release\of_v0.8.4_vs_release\apps\myApps\project_bloem_spel\obj\Debug\IpEndpointName.obj
C:\Users\Frouke Buyse\Downloads\of_v0.8.4_vs_release\of_v0.8.4_vs_release\apps\myApps\project_bloem_spel\obj\Debug\ofxBaseGui.obj
C:\Users\Frouke Buyse\Downloads\of_v0.8.4_vs_release\of_v0.8.4_vs_release\apps\myApps\project_bloem_spel\obj\Debug\ofxButton.obj
C:\Users\Frouke Buyse\Downloads\of_v0.8.4_vs_release\of_v0.8.4_vs_release\apps\myApps\project_bloem_spel\obj\Debug\ofxGif.obj
C:\Users\Frouke Buyse\Downloads\of_v0.8.4_vs_release\of_v0.8.4_vs_release\apps\myApps\project_bloem_spel\obj\Debug\ofxGuiGroup.obj
C:\Users\Frouke Buyse\Downloads\of_v0.8.4_vs_release\of_v0.8.4_vs_release\apps\myApps\project_bloem_spel\obj\Debug\ofxKinectCommonBridge.obj
C:\Users\Frouke Buyse\Downloads\of_v0.8.4_vs_release\of_v0.8.4_vs_release\apps\myApps\project_bloem_spel\obj\Debug\ofxLabel.obj
C:\Users\Frouke Buyse\Downloads\of_v0.8.4_vs_release\of_v0.8.4_vs_release\apps\myApps\project_bloem_spel\obj\Debug\ofxOscBundle.obj
C:\Users\Frouke Buyse\Downloads\of_v0.8.4_vs_release\of_v0.8.4_vs_release\apps\myApps\project_bloem_spel\obj\Debug\ofxOscMessage.obj
C:\Users\Frouke Buyse\Downloads\of_v0.8.4_vs_release\of_v0.8.4_vs_release\apps\myApps\project_bloem_spel\obj\Debug\ofxPanel.obj
C:\Users\Frouke Buyse\Downloads\of_v0.8.4_vs_release\of_v0.8.4_vs_release\apps\myApps\project_bloem_spel\obj\Debug\ofxSlider.obj
C:\Users\Frouke Buyse\Downloads\of_v0.8.4_vs_release\of_v0.8.4_vs_release\apps\myApps\project_bloem_spel\obj\Debug\ofxSliderGroup.obj
C:\Users\Frouke Buyse\Downloads\of_v0.8.4_vs_release\of_v0.8.4_vs_release\apps\myApps\project_bloem_spel\obj\Debug\ofxSvg.obj
C:\Users\Frouke Buyse\Downloads\of_v0.8.4_vs_release\of_v0.8.4_vs_release\apps\myApps\project_bloem_spel\obj\Debug\ofxToggle.obj
C:\Users\Frouke Buyse\Downloads\of_v0.8.4_vs_release\of_v0.8.4_vs_release\apps\myApps\project_bloem_spel\obj\Debug\OscOutboundPacketStream.obj
C:\Users\Frouke Buyse\Downloads\of_v0.8.4_vs_release\of_v0.8.4_vs_release\apps\myApps\project_bloem_spel\obj\Debug\OscPrintReceivedElements.obj
C:\Users\Frouke Buyse\Downloads\of_v0.8.4_vs_release\of_v0.8.4_vs_release\apps\myApps\project_bloem_spel\obj\Debug\OscReceivedElements.obj
C:\Users\Frouke Buyse\Downloads\of_v0.8.4_vs_release\of_v0.8.4_vs_release\apps\myApps\project_bloem_spel\obj\Debug\OscTypes.obj
C:\Users\Frouke Buyse\Downloads\of_v0.8.4_vs_release\of_v0.8.4_vs_release\apps\myApps\project_bloem_spel\obj\Debug\src_colors.obj
C:\Users\Frouke Buyse\Downloads\of_v0.8.4_vs_release\of_v0.8.4_vs_release\apps\myApps\project_bloem_spel\obj\Debug\svgtiny.obj
C:\Users\Frouke Buyse\Downloads\of_v0.8.4_vs_release\of_v0.8.4_vs_release\apps\myApps\project_bloem_spel\obj\Debug\svgtiny_gradient.obj
C:\Users\Frouke Buyse\Downloads\of_v0.8.4_vs_release\of_v0.8.4_vs_release\apps\myApps\project_bloem_spel\obj\Debug\svgtiny_list.obj
C:\Users\Frouke Buyse\Downloads\of_v0.8.4_vs_release\of_v0.8.4_vs_release\apps\myApps\project_bloem_spel\obj\Debug\cl.command.1.tlog
C:\Users\Frouke Buyse\Downloads\of_v0.8.4_vs_release\of_v0.8.4_vs_release\apps\myApps\project_bloem_spel\obj\Debug\CL.read.1.tlog
C:\Users\Frouke Buyse\Downloads\of_v0.8.4_vs_release\of_v0.8.4_vs_release\apps\myApps\project_bloem_spel\obj\Debug\CL.write.1.tlog
C:\Users\Frouke Buyse\Downloads\of_v0.8.4_vs_release\of_v0.8.4_vs_release\apps\myApps\project_bloem_spel\obj\Debug\vc110.idb
C:\Users\Frouke Buyse\Downloads\of_v0.8.4_vs_release\of_v0.8.4_vs_release\apps\myApps\project_bloem_spel\obj\Debug\vc110.pdb
